<?xml version="1.0" encoding="utf-8"?><testsuites name="pytest tests"><testsuite name="pytest" errors="0" failures="0" skipped="0" tests="15" time="3.772" timestamp="2026-07-02T07:54:17.850108+00:00" hostname="agent-env-6014ce39-6752-4ef1-b7fe-c919ddd433e9"><testcase classname="tests.backend_test.TestProtectedGet" name="test_get_quotes_without_token" time="0.234" /><testcase classname="tests.backend_test.TestAuth" name="test_login_success" time="0.505" /><testcase classname="tests.backend_test.TestProtectedGet" name="test_get_consultations_without_token" time="0.229" /><testcase classname="tests.backend_test.TestAuth" name="test_login_wrong_password" time="0.504" /><testcase classname="tests.backend_test.TestProtectedGet" name="test_get_quotes_with_token" time="0.550" /><testcase classname="tests.backend_test.TestAuth" name="test_login_wrong_username" time="0.099" /><testcase classname="tests.backend_test.TestAuth" name="test_me_without_token" time="0.257" /><testcase classname="tests.backend_test.TestProtectedGet" name="test_get_consultations_with_token" time="0.436" /><testcase classname="tests.backend_test.TestPublicSubmissions" name="test_public_post_quote_no_auth" time="0.280" /><testcase classname="tests.backend_test.TestPublicSubmissions" name="test_public_post_consultation_no_auth" time="0.209" /><testcase classname="tests.backend_test.TestAuth" name="test_me_with_token" time="0.459" /><testcase classname="tests.backend_test.TestAuth" name="test_me_with_bad_token" time="0.097" /><testcase classname="tests.backend_test.TestHealth" name="test_root_endpoint" time="0.092" /><testcase classname="tests.backend_test.TestProtectedPatch" name="test_patch_quote_status_lifecycle" time="0.611" /><testcase classname="tests.backend_test.TestProtectedPatch" name="test_patch_consultation_status_lifecycle" time="0.578" /></testsuite></testsuites>