<?xml version="1.0" encoding="utf-8"?><testsuites name="pytest tests"><testsuite name="pytest" errors="0" failures="0" skipped="0" tests="3" time="1.700" timestamp="2026-07-02T06:22:08.815284+00:00" hostname="agent-env-6014ce39-6752-4ef1-b7fe-c919ddd433e9"><testcase classname="tests.backend_test.TestBackendAPI" name="test_root_endpoint" time="0.281" /><testcase classname="tests.backend_test.TestBackendAPI" name="test_quote_request_lifecycle" time="0.478" /><testcase classname="tests.backend_test.TestBackendAPI" name="test_consultation_lifecycle" time="0.291" /></testsuite></testsuites>